<?xml version="1.0" encoding="UTF-8" ?>
<testsuite tests="1" failures="0" name="it.unipd.tos.AppTest" time="0" errors="0" skipped="0">
  <properties>
    <property name="java.runtime.name" value="OpenJDK Runtime Environment"/>
    <property name="sun.boot.library.path" value="C:\Program Files\AdoptOpenJDK\jdk-8.0.232.09-hotspot\jre\bin"/>
    <property name="java.vm.version" value="25.232-b09"/>
    <property name="java.vm.vendor" value=""/>
    <property name="maven.multiModuleProjectDirectory" value="C:\Users\Mirco\Desktop\assignment2\assignment2\sandwich-shop-manager"/>
    <property name="java.vendor.url" value="http://java.oracle.com/"/>
    <property name="path.separator" value=";"/>
    <property name="guice.disable.misplaced.annotation.check" value="true"/>
    <property name="java.vm.name" value="OpenJDK 64-Bit Server VM"/>
    <property name="file.encoding.pkg" value="sun.io"/>
    <property name="user.script" value=""/>
    <property name="user.country" value="IT"/>
    <property name="sun.java.launcher" value="SUN_STANDARD"/>
    <property name="sun.os.patch.level" value=""/>
    <property name="java.vm.specification.name" value="Java Virtual Machine Specification"/>
    <property name="user.dir" value="C:\Users\Mirco\Desktop\assignment2\assignment2\sandwich-shop-manager"/>
    <property name="java.runtime.version" value="1.8.0_232-b09"/>
    <property name="java.awt.graphicsenv" value="sun.awt.Win32GraphicsEnvironment"/>
    <property name="java.endorsed.dirs" value="C:\Program Files\AdoptOpenJDK\jdk-8.0.232.09-hotspot\jre\lib\endorsed"/>
    <property name="os.arch" value="amd64"/>
    <property name="java.io.tmpdir" value="C:\Users\Mirco\AppData\Local\Temp\"/>
    <property name="line.separator" value="
"/>
    <property name="java.vm.specification.vendor" value="Oracle Corporation"/>
    <property name="user.variant" value=""/>
    <property name="os.name" value="Windows 8.1"/>
    <property name="classworlds.conf" value="C:\Users\Mirco\eclipse-workspace\.metadata\.plugins\org.eclipse.m2e.launching\launches\m2conf2029821849441957552.tmp"/>
    <property name="sun.jnu.encoding" value="Cp1252"/>
    <property name="java.library.path" value="C:\Program Files\AdoptOpenJDK\jdk-8.0.232.09-hotspot\bin;C:\Windows\Sun\Java\bin;C:\Windows\system32;C:\Windows;C:/Program Files/AdoptOpenJDK/jdk-8.0.232.09-hotspot/bin/../jre/bin/server;C:/Program Files/AdoptOpenJDK/jdk-8.0.232.09-hotspot/bin/../jre/bin;C:/Program Files/AdoptOpenJDK/jdk-8.0.232.09-hotspot/bin/../jre/lib/amd64;C:\Program Files\AdoptOpenJDK\jdk-8.0.232.09-hotspot\bin;C:\Windows\system32;C:\Windows;C:\Windows\System32\Wbem;C:\Windows\System32\WindowsPowerShell\v1.0\;C:\Program Files (x86)\ATI Technologies\ATI.ACE\Core-Static;C:\Program Files\apache-maven-3.6.2\bin;C:\Program Files\Git\cmd;C:\Users\Mirco\AppData\Local\Programs\Python\Python37-32\Scripts\;C:\Users\Mirco\AppData\Local\Programs\Python\Python37-32\;C:\Program Files\shell.w32-ix86;C:\Users\Mirco\Desktop;;."/>
    <property name="java.specification.name" value="Java Platform API Specification"/>
    <property name="java.class.version" value="52.0"/>
    <property name="sun.management.compiler" value="HotSpot 64-Bit Tiered Compilers"/>
    <property name="os.version" value="6.3"/>
    <property name="user.home" value="C:\Users\Mirco"/>
    <property name="user.timezone" value="Europe/Berlin"/>
    <property name="java.awt.printerjob" value="sun.awt.windows.WPrinterJob"/>
    <property name="java.specification.version" value="1.8"/>
    <property name="file.encoding" value="Cp1252"/>
    <property name="user.name" value="Mirco"/>
    <property name="java.class.path" value="C:\Users\Mirco\.p2\pool\plugins\org.eclipse.m2e.maven.runtime_1.13.0.20190716-1623\jars\plexus-classworlds-2.6.0.jar"/>
    <property name="java.vm.specification.version" value="1.8"/>
    <property name="sun.arch.data.model" value="64"/>
    <property name="java.home" value="C:\Program Files\AdoptOpenJDK\jdk-8.0.232.09-hotspot\jre"/>
    <property name="sun.java.command" value="org.codehaus.plexus.classworlds.launcher.Launcher -B clean package"/>
    <property name="java.specification.vendor" value="Oracle Corporation"/>
    <property name="user.language" value="it"/>
    <property name="awt.toolkit" value="sun.awt.windows.WToolkit"/>
    <property name="java.vm.info" value="mixed mode"/>
    <property name="java.version" value="1.8.0_232"/>
    <property name="java.ext.dirs" value="C:\Program Files\AdoptOpenJDK\jdk-8.0.232.09-hotspot\jre\lib\ext;C:\Windows\Sun\Java\lib\ext"/>
    <property name="sun.boot.class.path" value="C:\Program Files\AdoptOpenJDK\jdk-8.0.232.09-hotspot\jre\lib\resources.jar;C:\Program Files\AdoptOpenJDK\jdk-8.0.232.09-hotspot\jre\lib\rt.jar;C:\Program Files\AdoptOpenJDK\jdk-8.0.232.09-hotspot\jre\lib\sunrsasign.jar;C:\Program Files\AdoptOpenJDK\jdk-8.0.232.09-hotspot\jre\lib\jsse.jar;C:\Program Files\AdoptOpenJDK\jdk-8.0.232.09-hotspot\jre\lib\jce.jar;C:\Program Files\AdoptOpenJDK\jdk-8.0.232.09-hotspot\jre\lib\charsets.jar;C:\Program Files\AdoptOpenJDK\jdk-8.0.232.09-hotspot\jre\lib\jfr.jar;C:\Program Files\AdoptOpenJDK\jdk-8.0.232.09-hotspot\jre\classes"/>
    <property name="java.vendor" value="AdoptOpenJDK"/>
    <property name="maven.home" value="C:\Users\Mirco\Desktop\assignment2\assignment2\sandwich-shop-manager\EMBEDDED"/>
    <property name="file.separator" value="\"/>
    <property name="java.vendor.url.bug" value="http://bugreport.sun.com/bugreport/"/>
    <property name="sun.cpu.endian" value="little"/>
    <property name="sun.io.unicode.encoding" value="UnicodeLittle"/>
    <property name="sun.desktop" value="windows"/>
    <property name="sun.cpu.isalist" value="amd64"/>
  </properties>
  <testcase classname="it.unipd.tos.AppTest" name="testApp" time="0"/>
</testsuite>